<?xml version="1.0" encoding="UTF-8"?>
<testsuite xmlns:xsi="http://www.w3.org/2001/XMLSchema-instance" xsi:noNamespaceSchemaLocation="https://maven.apache.org/surefire/maven-surefire-plugin/xsd/surefire-test-report.xsd" name="com.hand.App2Test" time="0.038" tests="1" errors="0" skipped="0" failures="0">
  <properties>
    <property name="sun.desktop" value="windows"/>
    <property name="awt.toolkit" value="sun.awt.windows.WToolkit"/>
    <property name="file.encoding.pkg" value="sun.io"/>
    <property name="java.specification.version" value="1.8"/>
    <property name="sun.cpu.isalist" value="amd64"/>
    <property name="sun.jnu.encoding" value="GBK"/>
    <property name="java.class.path" value="D:\IdeaProjects\JavaTest2\Exam2\target\test-classes;D:\IdeaProjects\JavaTest2\Exam2\target\classes;D:\.m2\repository\junit\junit\4.11\junit-4.11.jar;D:\.m2\repository\org\hamcrest\hamcrest-core\1.3\hamcrest-core-1.3.jar;D:\.m2\repository\org\apache\httpcomponents\httpclient\4.3.2\httpclient-4.3.2.jar;D:\.m2\repository\org\apache\httpcomponents\httpcore\4.3.1\httpcore-4.3.1.jar;D:\.m2\repository\commons-logging\commons-logging\1.1.3\commons-logging-1.1.3.jar;D:\.m2\repository\commons-codec\commons-codec\1.6\commons-codec-1.6.jar;"/>
    <property name="java.vm.vendor" value="Oracle Corporation"/>
    <property name="sun.arch.data.model" value="64"/>
    <property name="user.variant" value=""/>
    <property name="java.vendor.url" value="http://java.oracle.com/"/>
    <property name="user.timezone" value=""/>
    <property name="java.vm.specification.version" value="1.8"/>
    <property name="os.name" value="Windows 10"/>
    <property name="user.country" value="CN"/>
    <property name="sun.java.launcher" value="SUN_STANDARD"/>
    <property name="sun.boot.library.path" value="C:\PaEE\Java\jdk1.8.0_172\jre\bin"/>
    <property name="sun.java.command" value="C:\Users\Ani\AppData\Local\Temp\surefire8521538328590490448\surefirebooter1297940417941943879.jar C:\Users\Ani\AppData\Local\Temp\surefire8521538328590490448 2018-07-21T12-59-00_381-jvmRun1 surefire7985439755946099431tmp surefire_06640671340264762332tmp"/>
    <property name="surefire.test.class.path" value="D:\IdeaProjects\JavaTest2\Exam2\target\test-classes;D:\IdeaProjects\JavaTest2\Exam2\target\classes;D:\.m2\repository\junit\junit\4.11\junit-4.11.jar;D:\.m2\repository\org\hamcrest\hamcrest-core\1.3\hamcrest-core-1.3.jar;D:\.m2\repository\org\apache\httpcomponents\httpclient\4.3.2\httpclient-4.3.2.jar;D:\.m2\repository\org\apache\httpcomponents\httpcore\4.3.1\httpcore-4.3.1.jar;D:\.m2\repository\commons-logging\commons-logging\1.1.3\commons-logging-1.1.3.jar;D:\.m2\repository\commons-codec\commons-codec\1.6\commons-codec-1.6.jar;"/>
    <property name="sun.cpu.endian" value="little"/>
    <property name="user.home" value="C:\Users\Ani"/>
    <property name="user.language" value="zh"/>
    <property name="java.specification.vendor" value="Oracle Corporation"/>
    <property name="java.home" value="C:\PaEE\Java\jdk1.8.0_172\jre"/>
    <property name="basedir" value="D:\IdeaProjects\JavaTest2\Exam2"/>
    <property name="file.separator" value="\"/>
    <property name="line.separator" value="&#10;"/>
    <property name="java.vm.specification.vendor" value="Oracle Corporation"/>
    <property name="java.specification.name" value="Java Platform API Specification"/>
    <property name="java.awt.graphicsenv" value="sun.awt.Win32GraphicsEnvironment"/>
    <property name="surefire.real.class.path" value="C:\Users\Ani\AppData\Local\Temp\surefire8521538328590490448\surefirebooter1297940417941943879.jar"/>
    <property name="sun.boot.class.path" value="C:\PaEE\Java\jdk1.8.0_172\jre\lib\resources.jar;C:\PaEE\Java\jdk1.8.0_172\jre\lib\rt.jar;C:\PaEE\Java\jdk1.8.0_172\jre\lib\sunrsasign.jar;C:\PaEE\Java\jdk1.8.0_172\jre\lib\jsse.jar;C:\PaEE\Java\jdk1.8.0_172\jre\lib\jce.jar;C:\PaEE\Java\jdk1.8.0_172\jre\lib\charsets.jar;C:\PaEE\Java\jdk1.8.0_172\jre\lib\jfr.jar;C:\PaEE\Java\jdk1.8.0_172\jre\classes"/>
    <property name="user.script" value=""/>
    <property name="sun.management.compiler" value="HotSpot 64-Bit Tiered Compilers"/>
    <property name="java.runtime.version" value="1.8.0_172-b11"/>
    <property name="user.name" value="Ani"/>
    <property name="path.separator" value=";"/>
    <property name="os.version" value="10.0"/>
    <property name="java.endorsed.dirs" value="C:\PaEE\Java\jdk1.8.0_172\jre\lib\endorsed"/>
    <property name="java.runtime.name" value="Java(TM) SE Runtime Environment"/>
    <property name="file.encoding" value="GBK"/>
    <property name="java.vm.name" value="Java HotSpot(TM) 64-Bit Server VM"/>
    <property name="localRepository" value="D:\.m2\repository"/>
    <property name="java.vendor.url.bug" value="http://bugreport.sun.com/bugreport/"/>
    <property name="java.io.tmpdir" value="C:\Users\Ani\AppData\Local\Temp\"/>
    <property name="java.version" value="1.8.0_172"/>
    <property name="user.dir" value="D:\IdeaProjects\JavaTest2\Exam2"/>
    <property name="os.arch" value="amd64"/>
    <property name="java.vm.specification.name" value="Java Virtual Machine Specification"/>
    <property name="java.awt.printerjob" value="sun.awt.windows.WPrinterJob"/>
    <property name="sun.os.patch.level" value=""/>
    <property name="java.library.path" value="C:\PaEE\Java\jdk1.8.0_172\jre\bin;C:\WINDOWS\Sun\Java\bin;C:\WINDOWS\system32;C:\WINDOWS;C:\PaEE\Git\mingw64\bin;C:\PaEE\Git\usr\bin;C:\Users\Ani\bin;.;C:\PaEE\Java\jdk1.8.0_172\bin;C:\PaEE\Java\jdk1.8.0_172\jre\bin;C:\PaEE\Apache-maven-3.5.4\bin;C:\Program Files (x86)\Common Files\Oracle\Java\javapath;C:\Program Files (x86)\Intel\iCLS Client;C:\Program Files\Intel\iCLS Client;C:\WINDOWS\system32;C:\WINDOWS;C:\WINDOWS\System32\Wbem;C:\WINDOWS\System32\WindowsPowerShell\v1.0;C:\Program Files (x86)\Intel\Intel(R) Management Engine Components\DAL;C:\Program Files\Intel\Intel(R) Management Engine Components\DAL;C:\Program Files (x86)\Intel\Intel(R) Management Engine Components\IPT;C:\Program Files\Intel\Intel(R) Management Engine Components\IPT;C:\Program Files\Intel\WiFi\bin;C:\Program Files\Common Files\Intel\WirelessCommon;C:\Program Files (x86)\MySQL\MySQL Fabric 1.5.3 &amp; MySQL Utilities 1.5.3 1.5;C:\Program Files (x86)\MySQL\MySQL Fabric 1.5.3 &amp; MySQL Utilities 1.5.3 1.5\Doctrine extensions for PHP;C:\WINDOWS\System32\OpenSSH;C:\Program Files\node-v10.5.0-win-x64;C:\PaEE\Git\usr\bin;C:\PaEE\Git\cmd;C:\Program Files\Docker Toolbox;C:\PaEE\hugo;C:\PaEE\redis;C:\PaEE\Microsoft VS Code\bin;C:\Users\Ani\AppData\Local\Microsoft\WindowsApps;C:\PaEE\Microsoft VS Code\bin;C:\Program Files\Docker Toolbox;."/>
    <property name="java.vm.info" value="mixed mode"/>
    <property name="java.vendor" value="Oracle Corporation"/>
    <property name="java.vm.version" value="25.172-b11"/>
    <property name="java.ext.dirs" value="C:\PaEE\Java\jdk1.8.0_172\jre\lib\ext;C:\WINDOWS\Sun\Java\lib\ext"/>
    <property name="sun.io.unicode.encoding" value="UnicodeLittle"/>
    <property name="java.class.version" value="52.0"/>
  </properties>
  <testcase name="shouldAnswerWithTrue" classname="com.hand.App2Test" time="0.003"/>
</testsuite>